05 Jan 2023 10:48:47,715 TestNG-tests-1 - Couldn't find template in cache for "spark/spark.spa.ftl"("en_IN", UTF-8, parsed); will try to load it.
05 Jan 2023 10:48:47,715 TestNG-tests-1 - TemplateLoader.findTemplateSource("spark/spark.spa_en_IN.ftl"): Not found
05 Jan 2023 10:48:47,715 TestNG-tests-1 - TemplateLoader.findTemplateSource("spark/spark.spa_en.ftl"): Not found
05 Jan 2023 10:48:47,715 TestNG-tests-1 - TemplateLoader.findTemplateSource("spark/spark.spa.ftl"): Found
05 Jan 2023 10:48:47,723 TestNG-tests-1 - Loading template for "spark/spark.spa.ftl"("en_IN", UTF-8, parsed) from "jar:file:/C:/Users/Praveenkumar/.m2/repository/com/aventstack/extentreports/5.0.8/extentreports-5.0.8.jar!/com/aventstack/extentreports/templates/spark/spark.spa.ftl"
05 Jan 2023 10:48:47,928 TestNG-tests-1 - Couldn't find template in cache for "commons/commons-variables.ftl"("en_IN", UTF-8, parsed); will try to load it.
05 Jan 2023 10:48:47,928 TestNG-tests-1 - TemplateLoader.findTemplateSource("commons/commons-variables_en_IN.ftl"): Not found
05 Jan 2023 10:48:47,928 TestNG-tests-1 - TemplateLoader.findTemplateSource("commons/commons-variables_en.ftl"): Not found
05 Jan 2023 10:48:47,928 TestNG-tests-1 - TemplateLoader.findTemplateSource("commons/commons-variables.ftl"): Found
05 Jan 2023 10:48:47,928 TestNG-tests-1 - Loading template for "commons/commons-variables.ftl"("en_IN", UTF-8, parsed) from "jar:file:/C:/Users/Praveenkumar/.m2/repository/com/aventstack/extentreports/5.0.8/extentreports-5.0.8.jar!/com/aventstack/extentreports/templates/commons/commons-variables.ftl"
05 Jan 2023 10:48:48,197 TestNG-tests-1 - Couldn't find template in cache for "commons/commons-macros.ftl"("en_IN", UTF-8, parsed); will try to load it.
05 Jan 2023 10:48:48,205 TestNG-tests-1 - TemplateLoader.findTemplateSource("commons/commons-macros_en_IN.ftl"): Not found
05 Jan 2023 10:48:48,205 TestNG-tests-1 - TemplateLoader.findTemplateSource("commons/commons-macros_en.ftl"): Not found
05 Jan 2023 10:48:48,205 TestNG-tests-1 - TemplateLoader.findTemplateSource("commons/commons-macros.ftl"): Found
05 Jan 2023 10:48:48,205 TestNG-tests-1 - Loading template for "commons/commons-macros.ftl"("en_IN", UTF-8, parsed) from "jar:file:/C:/Users/Praveenkumar/.m2/repository/com/aventstack/extentreports/5.0.8/extentreports-5.0.8.jar!/com/aventstack/extentreports/templates/commons/commons-macros.ftl"
05 Jan 2023 10:48:48,215 TestNG-tests-1 - Couldn't find template in cache for "spark/macros/attributes.ftl"("en_IN", UTF-8, parsed); will try to load it.
05 Jan 2023 10:48:48,215 TestNG-tests-1 - TemplateLoader.findTemplateSource("spark/macros/attributes_en_IN.ftl"): Not found
05 Jan 2023 10:48:48,215 TestNG-tests-1 - TemplateLoader.findTemplateSource("spark/macros/attributes_en.ftl"): Not found
05 Jan 2023 10:48:48,215 TestNG-tests-1 - TemplateLoader.findTemplateSource("spark/macros/attributes.ftl"): Found
05 Jan 2023 10:48:48,215 TestNG-tests-1 - Loading template for "spark/macros/attributes.ftl"("en_IN", UTF-8, parsed) from "jar:file:/C:/Users/Praveenkumar/.m2/repository/com/aventstack/extentreports/5.0.8/extentreports-5.0.8.jar!/com/aventstack/extentreports/templates/spark/macros/attributes.ftl"
05 Jan 2023 10:48:48,221 TestNG-tests-1 - Couldn't find template in cache for "spark/macros/log.ftl"("en_IN", UTF-8, parsed); will try to load it.
05 Jan 2023 10:48:48,221 TestNG-tests-1 - TemplateLoader.findTemplateSource("spark/macros/log_en_IN.ftl"): Not found
05 Jan 2023 10:48:48,221 TestNG-tests-1 - TemplateLoader.findTemplateSource("spark/macros/log_en.ftl"): Not found
05 Jan 2023 10:48:48,221 TestNG-tests-1 - TemplateLoader.findTemplateSource("spark/macros/log.ftl"): Found
05 Jan 2023 10:48:48,221 TestNG-tests-1 - Loading template for "spark/macros/log.ftl"("en_IN", UTF-8, parsed) from "jar:file:/C:/Users/Praveenkumar/.m2/repository/com/aventstack/extentreports/5.0.8/extentreports-5.0.8.jar!/com/aventstack/extentreports/templates/spark/macros/log.ftl"
05 Jan 2023 10:48:48,221 TestNG-tests-1 - Couldn't find template in cache for "spark/macros/recurse_nodes.ftl"("en_IN", UTF-8, parsed); will try to load it.
05 Jan 2023 10:48:48,221 TestNG-tests-1 - TemplateLoader.findTemplateSource("spark/macros/recurse_nodes_en_IN.ftl"): Not found
05 Jan 2023 10:48:48,221 TestNG-tests-1 - TemplateLoader.findTemplateSource("spark/macros/recurse_nodes_en.ftl"): Not found
05 Jan 2023 10:48:48,221 TestNG-tests-1 - TemplateLoader.findTemplateSource("spark/macros/recurse_nodes.ftl"): Found
05 Jan 2023 10:48:48,221 TestNG-tests-1 - Loading template for "spark/macros/recurse_nodes.ftl"("en_IN", UTF-8, parsed) from "jar:file:/C:/Users/Praveenkumar/.m2/repository/com/aventstack/extentreports/5.0.8/extentreports-5.0.8.jar!/com/aventstack/extentreports/templates/spark/macros/recurse_nodes.ftl"
05 Jan 2023 10:48:48,229 TestNG-tests-1 - "spark/macros/log.ftl"("en_IN", UTF-8, parsed) cached copy not yet stale; using cached.
05 Jan 2023 10:48:48,229 TestNG-tests-1 - Couldn't find template in cache for "spark/macros/attr-common.ftl"("en_IN", UTF-8, parsed); will try to load it.
05 Jan 2023 10:48:48,229 TestNG-tests-1 - TemplateLoader.findTemplateSource("spark/macros/attr-common_en_IN.ftl"): Not found
05 Jan 2023 10:48:48,229 TestNG-tests-1 - TemplateLoader.findTemplateSource("spark/macros/attr-common_en.ftl"): Not found
05 Jan 2023 10:48:48,229 TestNG-tests-1 - TemplateLoader.findTemplateSource("spark/macros/attr-common.ftl"): Found
05 Jan 2023 10:48:48,229 TestNG-tests-1 - Loading template for "spark/macros/attr-common.ftl"("en_IN", UTF-8, parsed) from "jar:file:/C:/Users/Praveenkumar/.m2/repository/com/aventstack/extentreports/5.0.8/extentreports-5.0.8.jar!/com/aventstack/extentreports/templates/spark/macros/attr-common.ftl"
05 Jan 2023 10:48:48,237 TestNG-tests-1 - Couldn't find template in cache for "spark/partials/head.ftl"("en_IN", UTF-8, parsed); will try to load it.
05 Jan 2023 10:48:48,237 TestNG-tests-1 - TemplateLoader.findTemplateSource("spark/partials/head_en_IN.ftl"): Not found
05 Jan 2023 10:48:48,237 TestNG-tests-1 - TemplateLoader.findTemplateSource("spark/partials/head_en.ftl"): Not found
05 Jan 2023 10:48:48,237 TestNG-tests-1 - TemplateLoader.findTemplateSource("spark/partials/head.ftl"): Found
05 Jan 2023 10:48:48,237 TestNG-tests-1 - Loading template for "spark/partials/head.ftl"("en_IN", UTF-8, parsed) from "jar:file:/C:/Users/Praveenkumar/.m2/repository/com/aventstack/extentreports/5.0.8/extentreports-5.0.8.jar!/com/aventstack/extentreports/templates/spark/partials/head.ftl"
05 Jan 2023 10:48:48,246 TestNG-tests-1 - Couldn't find template in cache for "commons/commons-inject-css.ftl"("en_IN", UTF-8, parsed); will try to load it.
05 Jan 2023 10:48:48,246 TestNG-tests-1 - TemplateLoader.findTemplateSource("commons/commons-inject-css_en_IN.ftl"): Not found
05 Jan 2023 10:48:48,246 TestNG-tests-1 - TemplateLoader.findTemplateSource("commons/commons-inject-css_en.ftl"): Not found
05 Jan 2023 10:48:48,246 TestNG-tests-1 - TemplateLoader.findTemplateSource("commons/commons-inject-css.ftl"): Found
05 Jan 2023 10:48:48,246 TestNG-tests-1 - Loading template for "commons/commons-inject-css.ftl"("en_IN", UTF-8, parsed) from "jar:file:/C:/Users/Praveenkumar/.m2/repository/com/aventstack/extentreports/5.0.8/extentreports-5.0.8.jar!/com/aventstack/extentreports/templates/commons/commons-inject-css.ftl"
05 Jan 2023 10:48:48,246 TestNG-tests-1 - Couldn't find template in cache for "spark/partials/navbar.ftl"("en_IN", UTF-8, parsed); will try to load it.
05 Jan 2023 10:48:48,246 TestNG-tests-1 - TemplateLoader.findTemplateSource("spark/partials/navbar_en_IN.ftl"): Not found
05 Jan 2023 10:48:48,246 TestNG-tests-1 - TemplateLoader.findTemplateSource("spark/partials/navbar_en.ftl"): Not found
05 Jan 2023 10:48:48,246 TestNG-tests-1 - TemplateLoader.findTemplateSource("spark/partials/navbar.ftl"): Found
05 Jan 2023 10:48:48,246 TestNG-tests-1 - Loading template for "spark/partials/navbar.ftl"("en_IN", UTF-8, parsed) from "jar:file:/C:/Users/Praveenkumar/.m2/repository/com/aventstack/extentreports/5.0.8/extentreports-5.0.8.jar!/com/aventstack/extentreports/templates/spark/partials/navbar.ftl"
05 Jan 2023 10:48:48,253 TestNG-tests-1 - Couldn't find template in cache for "spark/partials/sidenav.ftl"("en_IN", UTF-8, parsed); will try to load it.
05 Jan 2023 10:48:48,253 TestNG-tests-1 - TemplateLoader.findTemplateSource("spark/partials/sidenav_en_IN.ftl"): Not found
05 Jan 2023 10:48:48,253 TestNG-tests-1 - TemplateLoader.findTemplateSource("spark/partials/sidenav_en.ftl"): Not found
05 Jan 2023 10:48:48,253 TestNG-tests-1 - TemplateLoader.findTemplateSource("spark/partials/sidenav.ftl"): Found
05 Jan 2023 10:48:48,253 TestNG-tests-1 - Loading template for "spark/partials/sidenav.ftl"("en_IN", UTF-8, parsed) from "jar:file:/C:/Users/Praveenkumar/.m2/repository/com/aventstack/extentreports/5.0.8/extentreports-5.0.8.jar!/com/aventstack/extentreports/templates/spark/partials/sidenav.ftl"
05 Jan 2023 10:48:48,278 TestNG-tests-1 - Couldn't find template in cache for "spark/partials/test.ftl"("en_IN", UTF-8, parsed); will try to load it.
05 Jan 2023 10:48:48,278 TestNG-tests-1 - TemplateLoader.findTemplateSource("spark/partials/test_en_IN.ftl"): Not found
05 Jan 2023 10:48:48,278 TestNG-tests-1 - TemplateLoader.findTemplateSource("spark/partials/test_en.ftl"): Not found
05 Jan 2023 10:48:48,278 TestNG-tests-1 - TemplateLoader.findTemplateSource("spark/partials/test.ftl"): Found
05 Jan 2023 10:48:48,278 TestNG-tests-1 - Loading template for "spark/partials/test.ftl"("en_IN", UTF-8, parsed) from "jar:file:/C:/Users/Praveenkumar/.m2/repository/com/aventstack/extentreports/5.0.8/extentreports-5.0.8.jar!/com/aventstack/extentreports/templates/spark/partials/test.ftl"
05 Jan 2023 10:48:48,303 TestNG-tests-1 - Couldn't find template in cache for "spark/partials/standard-content.ftl"("en_IN", UTF-8, parsed); will try to load it.
05 Jan 2023 10:48:48,303 TestNG-tests-1 - TemplateLoader.findTemplateSource("spark/partials/standard-content_en_IN.ftl"): Not found
05 Jan 2023 10:48:48,303 TestNG-tests-1 - TemplateLoader.findTemplateSource("spark/partials/standard-content_en.ftl"): Not found
05 Jan 2023 10:48:48,303 TestNG-tests-1 - TemplateLoader.findTemplateSource("spark/partials/standard-content.ftl"): Found
05 Jan 2023 10:48:48,303 TestNG-tests-1 - Loading template for "spark/partials/standard-content.ftl"("en_IN", UTF-8, parsed) from "jar:file:/C:/Users/Praveenkumar/.m2/repository/com/aventstack/extentreports/5.0.8/extentreports-5.0.8.jar!/com/aventstack/extentreports/templates/spark/partials/standard-content.ftl"
05 Jan 2023 10:48:48,303 TestNG-tests-1 - "spark/partials/standard-content.ftl"("en_IN", UTF-8, parsed) cached copy not yet stale; using cached.
05 Jan 2023 10:48:48,303 TestNG-tests-1 - "spark/partials/standard-content.ftl"("en_IN", UTF-8, parsed) cached copy not yet stale; using cached.
05 Jan 2023 10:48:48,311 TestNG-tests-1 - "spark/partials/standard-content.ftl"("en_IN", UTF-8, parsed) cached copy not yet stale; using cached.
05 Jan 2023 10:48:48,313 TestNG-tests-1 - "spark/partials/standard-content.ftl"("en_IN", UTF-8, parsed) cached copy not yet stale; using cached.
05 Jan 2023 10:48:48,316 TestNG-tests-1 - "spark/partials/standard-content.ftl"("en_IN", UTF-8, parsed) cached copy not yet stale; using cached.
05 Jan 2023 10:48:48,318 TestNG-tests-1 - "spark/partials/standard-content.ftl"("en_IN", UTF-8, parsed) cached copy not yet stale; using cached.
05 Jan 2023 10:48:48,319 TestNG-tests-1 - "spark/partials/standard-content.ftl"("en_IN", UTF-8, parsed) cached copy not yet stale; using cached.
05 Jan 2023 10:48:48,324 TestNG-tests-1 - "spark/partials/standard-content.ftl"("en_IN", UTF-8, parsed) cached copy not yet stale; using cached.
05 Jan 2023 10:48:48,326 TestNG-tests-1 - "spark/partials/standard-content.ftl"("en_IN", UTF-8, parsed) cached copy not yet stale; using cached.
05 Jan 2023 10:48:48,326 TestNG-tests-1 - Couldn't find template in cache for "spark/partials/exception.ftl"("en_IN", UTF-8, parsed); will try to load it.
05 Jan 2023 10:48:48,326 TestNG-tests-1 - TemplateLoader.findTemplateSource("spark/partials/exception_en_IN.ftl"): Not found
05 Jan 2023 10:48:48,327 TestNG-tests-1 - TemplateLoader.findTemplateSource("spark/partials/exception_en.ftl"): Not found
05 Jan 2023 10:48:48,327 TestNG-tests-1 - TemplateLoader.findTemplateSource("spark/partials/exception.ftl"): Found
05 Jan 2023 10:48:48,327 TestNG-tests-1 - Loading template for "spark/partials/exception.ftl"("en_IN", UTF-8, parsed) from "jar:file:/C:/Users/Praveenkumar/.m2/repository/com/aventstack/extentreports/5.0.8/extentreports-5.0.8.jar!/com/aventstack/extentreports/templates/spark/partials/exception.ftl"
05 Jan 2023 10:48:48,328 TestNG-tests-1 - Couldn't find template in cache for "spark/partials/category.ftl"("en_IN", UTF-8, parsed); will try to load it.
05 Jan 2023 10:48:48,328 TestNG-tests-1 - TemplateLoader.findTemplateSource("spark/partials/category_en_IN.ftl"): Not found
05 Jan 2023 10:48:48,328 TestNG-tests-1 - TemplateLoader.findTemplateSource("spark/partials/category_en.ftl"): Not found
05 Jan 2023 10:48:48,328 TestNG-tests-1 - TemplateLoader.findTemplateSource("spark/partials/category.ftl"): Found
05 Jan 2023 10:48:48,328 TestNG-tests-1 - Loading template for "spark/partials/category.ftl"("en_IN", UTF-8, parsed) from "jar:file:/C:/Users/Praveenkumar/.m2/repository/com/aventstack/extentreports/5.0.8/extentreports-5.0.8.jar!/com/aventstack/extentreports/templates/spark/partials/category.ftl"
05 Jan 2023 10:48:48,335 TestNG-tests-1 - Couldn't find template in cache for "spark/partials/device.ftl"("en_IN", UTF-8, parsed); will try to load it.
05 Jan 2023 10:48:48,335 TestNG-tests-1 - TemplateLoader.findTemplateSource("spark/partials/device_en_IN.ftl"): Not found
05 Jan 2023 10:48:48,335 TestNG-tests-1 - TemplateLoader.findTemplateSource("spark/partials/device_en.ftl"): Not found
05 Jan 2023 10:48:48,335 TestNG-tests-1 - TemplateLoader.findTemplateSource("spark/partials/device.ftl"): Found
05 Jan 2023 10:48:48,335 TestNG-tests-1 - Loading template for "spark/partials/device.ftl"("en_IN", UTF-8, parsed) from "jar:file:/C:/Users/Praveenkumar/.m2/repository/com/aventstack/extentreports/5.0.8/extentreports-5.0.8.jar!/com/aventstack/extentreports/templates/spark/partials/device.ftl"
05 Jan 2023 10:48:48,335 TestNG-tests-1 - Couldn't find template in cache for "spark/partials/author.ftl"("en_IN", UTF-8, parsed); will try to load it.
05 Jan 2023 10:48:48,335 TestNG-tests-1 - TemplateLoader.findTemplateSource("spark/partials/author_en_IN.ftl"): Not found
05 Jan 2023 10:48:48,335 TestNG-tests-1 - TemplateLoader.findTemplateSource("spark/partials/author_en.ftl"): Not found
05 Jan 2023 10:48:48,335 TestNG-tests-1 - TemplateLoader.findTemplateSource("spark/partials/author.ftl"): Found
05 Jan 2023 10:48:48,335 TestNG-tests-1 - Loading template for "spark/partials/author.ftl"("en_IN", UTF-8, parsed) from "jar:file:/C:/Users/Praveenkumar/.m2/repository/com/aventstack/extentreports/5.0.8/extentreports-5.0.8.jar!/com/aventstack/extentreports/templates/spark/partials/author.ftl"
05 Jan 2023 10:48:48,335 TestNG-tests-1 - Couldn't find template in cache for "spark/partials/log.ftl"("en_IN", UTF-8, parsed); will try to load it.
05 Jan 2023 10:48:48,335 TestNG-tests-1 - TemplateLoader.findTemplateSource("spark/partials/log_en_IN.ftl"): Not found
05 Jan 2023 10:48:48,335 TestNG-tests-1 - TemplateLoader.findTemplateSource("spark/partials/log_en.ftl"): Not found
05 Jan 2023 10:48:48,335 TestNG-tests-1 - TemplateLoader.findTemplateSource("spark/partials/log.ftl"): Found
05 Jan 2023 10:48:48,335 TestNG-tests-1 - Loading template for "spark/partials/log.ftl"("en_IN", UTF-8, parsed) from "jar:file:/C:/Users/Praveenkumar/.m2/repository/com/aventstack/extentreports/5.0.8/extentreports-5.0.8.jar!/com/aventstack/extentreports/templates/spark/partials/log.ftl"
05 Jan 2023 10:48:48,335 TestNG-tests-1 - Couldn't find template in cache for "spark/partials/dashboard.ftl"("en_IN", UTF-8, parsed); will try to load it.
05 Jan 2023 10:48:48,335 TestNG-tests-1 - TemplateLoader.findTemplateSource("spark/partials/dashboard_en_IN.ftl"): Not found
05 Jan 2023 10:48:48,335 TestNG-tests-1 - TemplateLoader.findTemplateSource("spark/partials/dashboard_en.ftl"): Not found
05 Jan 2023 10:48:48,335 TestNG-tests-1 - TemplateLoader.findTemplateSource("spark/partials/dashboard.ftl"): Found
05 Jan 2023 10:48:48,343 TestNG-tests-1 - Loading template for "spark/partials/dashboard.ftl"("en_IN", UTF-8, parsed) from "jar:file:/C:/Users/Praveenkumar/.m2/repository/com/aventstack/extentreports/5.0.8/extentreports-5.0.8.jar!/com/aventstack/extentreports/templates/spark/partials/dashboard.ftl"
05 Jan 2023 10:48:48,389 TestNG-tests-1 - Couldn't find template in cache for "spark/partials/scripts.ftl"("en_IN", UTF-8, parsed); will try to load it.
05 Jan 2023 10:48:48,392 TestNG-tests-1 - TemplateLoader.findTemplateSource("spark/partials/scripts_en_IN.ftl"): Not found
05 Jan 2023 10:48:48,392 TestNG-tests-1 - TemplateLoader.findTemplateSource("spark/partials/scripts_en.ftl"): Not found
05 Jan 2023 10:48:48,392 TestNG-tests-1 - TemplateLoader.findTemplateSource("spark/partials/scripts.ftl"): Found
05 Jan 2023 10:48:48,392 TestNG-tests-1 - Loading template for "spark/partials/scripts.ftl"("en_IN", UTF-8, parsed) from "jar:file:/C:/Users/Praveenkumar/.m2/repository/com/aventstack/extentreports/5.0.8/extentreports-5.0.8.jar!/com/aventstack/extentreports/templates/spark/partials/scripts.ftl"
05 Jan 2023 10:48:48,392 TestNG-tests-1 - Couldn't find template in cache for "commons/commons-inject-js.ftl"("en_IN", UTF-8, parsed); will try to load it.
05 Jan 2023 10:48:48,392 TestNG-tests-1 - TemplateLoader.findTemplateSource("commons/commons-inject-js_en_IN.ftl"): Not found
05 Jan 2023 10:48:48,392 TestNG-tests-1 - TemplateLoader.findTemplateSource("commons/commons-inject-js_en.ftl"): Not found
05 Jan 2023 10:48:48,392 TestNG-tests-1 - TemplateLoader.findTemplateSource("commons/commons-inject-js.ftl"): Found
05 Jan 2023 10:48:48,392 TestNG-tests-1 - Loading template for "commons/commons-inject-js.ftl"("en_IN", UTF-8, parsed) from "jar:file:/C:/Users/Praveenkumar/.m2/repository/com/aventstack/extentreports/5.0.8/extentreports-5.0.8.jar!/com/aventstack/extentreports/templates/commons/commons-inject-js.ftl"
05 Jan 2023 10:49:08,964 TestNG-tests-2 - TemplateLoader.findTemplateSource("spark/spark.spa_en_IN.ftl"): Not found
05 Jan 2023 10:49:08,965 TestNG-tests-2 - TemplateLoader.findTemplateSource("spark/spark.spa_en.ftl"): Not found
05 Jan 2023 10:49:08,966 TestNG-tests-2 - TemplateLoader.findTemplateSource("spark/spark.spa.ftl"): Found
05 Jan 2023 10:49:08,966 TestNG-tests-2 - "spark/spark.spa.ftl"("en_IN", UTF-8, parsed): using cached since jar:file:/C:/Users/Praveenkumar/.m2/repository/com/aventstack/extentreports/5.0.8/extentreports-5.0.8.jar!/com/aventstack/extentreports/templates/spark/spark.spa.ftl hasn't changed.
05 Jan 2023 10:49:08,966 TestNG-tests-2 - TemplateLoader.findTemplateSource("commons/commons-variables_en_IN.ftl"): Not found
05 Jan 2023 10:49:08,968 TestNG-tests-2 - TemplateLoader.findTemplateSource("commons/commons-variables_en.ftl"): Not found
05 Jan 2023 10:49:08,968 TestNG-tests-2 - TemplateLoader.findTemplateSource("commons/commons-variables.ftl"): Found
05 Jan 2023 10:49:08,968 TestNG-tests-2 - "commons/commons-variables.ftl"("en_IN", UTF-8, parsed): using cached since jar:file:/C:/Users/Praveenkumar/.m2/repository/com/aventstack/extentreports/5.0.8/extentreports-5.0.8.jar!/com/aventstack/extentreports/templates/commons/commons-variables.ftl hasn't changed.
05 Jan 2023 10:49:08,971 TestNG-tests-2 - TemplateLoader.findTemplateSource("commons/commons-macros_en_IN.ftl"): Not found
05 Jan 2023 10:49:08,971 TestNG-tests-2 - TemplateLoader.findTemplateSource("commons/commons-macros_en.ftl"): Not found
05 Jan 2023 10:49:08,971 TestNG-tests-2 - TemplateLoader.findTemplateSource("commons/commons-macros.ftl"): Found
05 Jan 2023 10:49:08,971 TestNG-tests-2 - "commons/commons-macros.ftl"("en_IN", UTF-8, parsed): using cached since jar:file:/C:/Users/Praveenkumar/.m2/repository/com/aventstack/extentreports/5.0.8/extentreports-5.0.8.jar!/com/aventstack/extentreports/templates/commons/commons-macros.ftl hasn't changed.
05 Jan 2023 10:49:08,971 TestNG-tests-2 - TemplateLoader.findTemplateSource("spark/macros/attributes_en_IN.ftl"): Not found
05 Jan 2023 10:49:08,974 TestNG-tests-2 - TemplateLoader.findTemplateSource("spark/macros/attributes_en.ftl"): Not found
05 Jan 2023 10:49:08,976 TestNG-tests-2 - TemplateLoader.findTemplateSource("spark/macros/attributes.ftl"): Found
05 Jan 2023 10:49:08,976 TestNG-tests-2 - "spark/macros/attributes.ftl"("en_IN", UTF-8, parsed): using cached since jar:file:/C:/Users/Praveenkumar/.m2/repository/com/aventstack/extentreports/5.0.8/extentreports-5.0.8.jar!/com/aventstack/extentreports/templates/spark/macros/attributes.ftl hasn't changed.
05 Jan 2023 10:49:08,976 TestNG-tests-2 - TemplateLoader.findTemplateSource("spark/macros/log_en_IN.ftl"): Not found
05 Jan 2023 10:49:08,976 TestNG-tests-2 - TemplateLoader.findTemplateSource("spark/macros/log_en.ftl"): Not found
05 Jan 2023 10:49:08,976 TestNG-tests-2 - TemplateLoader.findTemplateSource("spark/macros/log.ftl"): Found
05 Jan 2023 10:49:08,978 TestNG-tests-2 - "spark/macros/log.ftl"("en_IN", UTF-8, parsed): using cached since jar:file:/C:/Users/Praveenkumar/.m2/repository/com/aventstack/extentreports/5.0.8/extentreports-5.0.8.jar!/com/aventstack/extentreports/templates/spark/macros/log.ftl hasn't changed.
05 Jan 2023 10:49:08,978 TestNG-tests-2 - TemplateLoader.findTemplateSource("spark/macros/recurse_nodes_en_IN.ftl"): Not found
05 Jan 2023 10:49:08,978 TestNG-tests-2 - TemplateLoader.findTemplateSource("spark/macros/recurse_nodes_en.ftl"): Not found
05 Jan 2023 10:49:08,978 TestNG-tests-2 - TemplateLoader.findTemplateSource("spark/macros/recurse_nodes.ftl"): Found
05 Jan 2023 10:49:08,978 TestNG-tests-2 - "spark/macros/recurse_nodes.ftl"("en_IN", UTF-8, parsed): using cached since jar:file:/C:/Users/Praveenkumar/.m2/repository/com/aventstack/extentreports/5.0.8/extentreports-5.0.8.jar!/com/aventstack/extentreports/templates/spark/macros/recurse_nodes.ftl hasn't changed.
05 Jan 2023 10:49:08,978 TestNG-tests-2 - "spark/macros/log.ftl"("en_IN", UTF-8, parsed) cached copy not yet stale; using cached.
05 Jan 2023 10:49:08,978 TestNG-tests-2 - TemplateLoader.findTemplateSource("spark/macros/attr-common_en_IN.ftl"): Not found
05 Jan 2023 10:49:08,978 TestNG-tests-2 - TemplateLoader.findTemplateSource("spark/macros/attr-common_en.ftl"): Not found
05 Jan 2023 10:49:08,978 TestNG-tests-2 - TemplateLoader.findTemplateSource("spark/macros/attr-common.ftl"): Found
05 Jan 2023 10:49:08,978 TestNG-tests-2 - "spark/macros/attr-common.ftl"("en_IN", UTF-8, parsed): using cached since jar:file:/C:/Users/Praveenkumar/.m2/repository/com/aventstack/extentreports/5.0.8/extentreports-5.0.8.jar!/com/aventstack/extentreports/templates/spark/macros/attr-common.ftl hasn't changed.
05 Jan 2023 10:49:08,984 TestNG-tests-2 - TemplateLoader.findTemplateSource("spark/partials/head_en_IN.ftl"): Not found
05 Jan 2023 10:49:08,984 TestNG-tests-2 - TemplateLoader.findTemplateSource("spark/partials/head_en.ftl"): Not found
05 Jan 2023 10:49:08,984 TestNG-tests-2 - TemplateLoader.findTemplateSource("spark/partials/head.ftl"): Found
05 Jan 2023 10:49:08,984 TestNG-tests-2 - "spark/partials/head.ftl"("en_IN", UTF-8, parsed): using cached since jar:file:/C:/Users/Praveenkumar/.m2/repository/com/aventstack/extentreports/5.0.8/extentreports-5.0.8.jar!/com/aventstack/extentreports/templates/spark/partials/head.ftl hasn't changed.
05 Jan 2023 10:49:08,984 TestNG-tests-2 - TemplateLoader.findTemplateSource("commons/commons-inject-css_en_IN.ftl"): Not found
05 Jan 2023 10:49:08,984 TestNG-tests-2 - TemplateLoader.findTemplateSource("commons/commons-inject-css_en.ftl"): Not found
05 Jan 2023 10:49:08,984 TestNG-tests-2 - TemplateLoader.findTemplateSource("commons/commons-inject-css.ftl"): Found
05 Jan 2023 10:49:08,984 TestNG-tests-2 - "commons/commons-inject-css.ftl"("en_IN", UTF-8, parsed): using cached since jar:file:/C:/Users/Praveenkumar/.m2/repository/com/aventstack/extentreports/5.0.8/extentreports-5.0.8.jar!/com/aventstack/extentreports/templates/commons/commons-inject-css.ftl hasn't changed.
05 Jan 2023 10:49:08,984 TestNG-tests-2 - TemplateLoader.findTemplateSource("spark/partials/navbar_en_IN.ftl"): Not found
05 Jan 2023 10:49:08,984 TestNG-tests-2 - TemplateLoader.findTemplateSource("spark/partials/navbar_en.ftl"): Not found
05 Jan 2023 10:49:08,984 TestNG-tests-2 - TemplateLoader.findTemplateSource("spark/partials/navbar.ftl"): Found
05 Jan 2023 10:49:08,992 TestNG-tests-2 - "spark/partials/navbar.ftl"("en_IN", UTF-8, parsed): using cached since jar:file:/C:/Users/Praveenkumar/.m2/repository/com/aventstack/extentreports/5.0.8/extentreports-5.0.8.jar!/com/aventstack/extentreports/templates/spark/partials/navbar.ftl hasn't changed.
05 Jan 2023 10:49:08,992 TestNG-tests-2 - TemplateLoader.findTemplateSource("spark/partials/sidenav_en_IN.ftl"): Not found
05 Jan 2023 10:49:08,992 TestNG-tests-2 - TemplateLoader.findTemplateSource("spark/partials/sidenav_en.ftl"): Not found
05 Jan 2023 10:49:08,992 TestNG-tests-2 - TemplateLoader.findTemplateSource("spark/partials/sidenav.ftl"): Found
05 Jan 2023 10:49:08,992 TestNG-tests-2 - "spark/partials/sidenav.ftl"("en_IN", UTF-8, parsed): using cached since jar:file:/C:/Users/Praveenkumar/.m2/repository/com/aventstack/extentreports/5.0.8/extentreports-5.0.8.jar!/com/aventstack/extentreports/templates/spark/partials/sidenav.ftl hasn't changed.
05 Jan 2023 10:49:09,000 TestNG-tests-2 - TemplateLoader.findTemplateSource("spark/partials/test_en_IN.ftl"): Not found
05 Jan 2023 10:49:09,000 TestNG-tests-2 - TemplateLoader.findTemplateSource("spark/partials/test_en.ftl"): Not found
05 Jan 2023 10:49:09,000 TestNG-tests-2 - TemplateLoader.findTemplateSource("spark/partials/test.ftl"): Found
05 Jan 2023 10:49:09,000 TestNG-tests-2 - "spark/partials/test.ftl"("en_IN", UTF-8, parsed): using cached since jar:file:/C:/Users/Praveenkumar/.m2/repository/com/aventstack/extentreports/5.0.8/extentreports-5.0.8.jar!/com/aventstack/extentreports/templates/spark/partials/test.ftl hasn't changed.
05 Jan 2023 10:49:09,000 TestNG-tests-2 - TemplateLoader.findTemplateSource("spark/partials/standard-content_en_IN.ftl"): Not found
05 Jan 2023 10:49:09,000 TestNG-tests-2 - TemplateLoader.findTemplateSource("spark/partials/standard-content_en.ftl"): Not found
05 Jan 2023 10:49:09,000 TestNG-tests-2 - TemplateLoader.findTemplateSource("spark/partials/standard-content.ftl"): Found
05 Jan 2023 10:49:09,000 TestNG-tests-2 - "spark/partials/standard-content.ftl"("en_IN", UTF-8, parsed): using cached since jar:file:/C:/Users/Praveenkumar/.m2/repository/com/aventstack/extentreports/5.0.8/extentreports-5.0.8.jar!/com/aventstack/extentreports/templates/spark/partials/standard-content.ftl hasn't changed.
05 Jan 2023 10:49:09,008 TestNG-tests-2 - "spark/partials/standard-content.ftl"("en_IN", UTF-8, parsed) cached copy not yet stale; using cached.
05 Jan 2023 10:49:09,008 TestNG-tests-2 - "spark/partials/standard-content.ftl"("en_IN", UTF-8, parsed) cached copy not yet stale; using cached.
05 Jan 2023 10:49:09,008 TestNG-tests-2 - "spark/partials/standard-content.ftl"("en_IN", UTF-8, parsed) cached copy not yet stale; using cached.
05 Jan 2023 10:49:09,016 TestNG-tests-2 - "spark/partials/standard-content.ftl"("en_IN", UTF-8, parsed) cached copy not yet stale; using cached.
05 Jan 2023 10:49:09,026 TestNG-tests-2 - "spark/partials/standard-content.ftl"("en_IN", UTF-8, parsed) cached copy not yet stale; using cached.
05 Jan 2023 10:49:09,026 TestNG-tests-2 - "spark/partials/standard-content.ftl"("en_IN", UTF-8, parsed) cached copy not yet stale; using cached.
05 Jan 2023 10:49:09,033 TestNG-tests-2 - "spark/partials/standard-content.ftl"("en_IN", UTF-8, parsed) cached copy not yet stale; using cached.
05 Jan 2023 10:49:09,033 TestNG-tests-2 - "spark/partials/standard-content.ftl"("en_IN", UTF-8, parsed) cached copy not yet stale; using cached.
05 Jan 2023 10:49:09,033 TestNG-tests-2 - "spark/partials/standard-content.ftl"("en_IN", UTF-8, parsed) cached copy not yet stale; using cached.
05 Jan 2023 10:49:09,033 TestNG-tests-2 - "spark/partials/standard-content.ftl"("en_IN", UTF-8, parsed) cached copy not yet stale; using cached.
05 Jan 2023 10:49:09,033 TestNG-tests-2 - "spark/partials/standard-content.ftl"("en_IN", UTF-8, parsed) cached copy not yet stale; using cached.
05 Jan 2023 10:49:09,033 TestNG-tests-2 - "spark/partials/standard-content.ftl"("en_IN", UTF-8, parsed) cached copy not yet stale; using cached.
05 Jan 2023 10:49:09,039 TestNG-tests-2 - "spark/partials/standard-content.ftl"("en_IN", UTF-8, parsed) cached copy not yet stale; using cached.
05 Jan 2023 10:49:09,041 TestNG-tests-2 - "spark/partials/standard-content.ftl"("en_IN", UTF-8, parsed) cached copy not yet stale; using cached.
05 Jan 2023 10:49:09,041 TestNG-tests-2 - "spark/partials/standard-content.ftl"("en_IN", UTF-8, parsed) cached copy not yet stale; using cached.
05 Jan 2023 10:49:09,041 TestNG-tests-2 - "spark/partials/standard-content.ftl"("en_IN", UTF-8, parsed) cached copy not yet stale; using cached.
05 Jan 2023 10:49:09,041 TestNG-tests-2 - TemplateLoader.findTemplateSource("spark/partials/exception_en_IN.ftl"): Not found
05 Jan 2023 10:49:09,041 TestNG-tests-2 - TemplateLoader.findTemplateSource("spark/partials/exception_en.ftl"): Not found
05 Jan 2023 10:49:09,041 TestNG-tests-2 - TemplateLoader.findTemplateSource("spark/partials/exception.ftl"): Found
05 Jan 2023 10:49:09,041 TestNG-tests-2 - "spark/partials/exception.ftl"("en_IN", UTF-8, parsed): using cached since jar:file:/C:/Users/Praveenkumar/.m2/repository/com/aventstack/extentreports/5.0.8/extentreports-5.0.8.jar!/com/aventstack/extentreports/templates/spark/partials/exception.ftl hasn't changed.
05 Jan 2023 10:49:09,041 TestNG-tests-2 - TemplateLoader.findTemplateSource("spark/partials/category_en_IN.ftl"): Not found
05 Jan 2023 10:49:09,041 TestNG-tests-2 - TemplateLoader.findTemplateSource("spark/partials/category_en.ftl"): Not found
05 Jan 2023 10:49:09,041 TestNG-tests-2 - TemplateLoader.findTemplateSource("spark/partials/category.ftl"): Found
05 Jan 2023 10:49:09,041 TestNG-tests-2 - "spark/partials/category.ftl"("en_IN", UTF-8, parsed): using cached since jar:file:/C:/Users/Praveenkumar/.m2/repository/com/aventstack/extentreports/5.0.8/extentreports-5.0.8.jar!/com/aventstack/extentreports/templates/spark/partials/category.ftl hasn't changed.
05 Jan 2023 10:49:09,051 TestNG-tests-2 - TemplateLoader.findTemplateSource("spark/partials/device_en_IN.ftl"): Not found
05 Jan 2023 10:49:09,051 TestNG-tests-2 - TemplateLoader.findTemplateSource("spark/partials/device_en.ftl"): Not found
05 Jan 2023 10:49:09,051 TestNG-tests-2 - TemplateLoader.findTemplateSource("spark/partials/device.ftl"): Found
05 Jan 2023 10:49:09,051 TestNG-tests-2 - "spark/partials/device.ftl"("en_IN", UTF-8, parsed): using cached since jar:file:/C:/Users/Praveenkumar/.m2/repository/com/aventstack/extentreports/5.0.8/extentreports-5.0.8.jar!/com/aventstack/extentreports/templates/spark/partials/device.ftl hasn't changed.
05 Jan 2023 10:49:09,057 TestNG-tests-2 - TemplateLoader.findTemplateSource("spark/partials/author_en_IN.ftl"): Not found
05 Jan 2023 10:49:09,057 TestNG-tests-2 - TemplateLoader.findTemplateSource("spark/partials/author_en.ftl"): Not found
05 Jan 2023 10:49:09,059 TestNG-tests-2 - TemplateLoader.findTemplateSource("spark/partials/author.ftl"): Found
05 Jan 2023 10:49:09,059 TestNG-tests-2 - "spark/partials/author.ftl"("en_IN", UTF-8, parsed): using cached since jar:file:/C:/Users/Praveenkumar/.m2/repository/com/aventstack/extentreports/5.0.8/extentreports-5.0.8.jar!/com/aventstack/extentreports/templates/spark/partials/author.ftl hasn't changed.
05 Jan 2023 10:49:09,059 TestNG-tests-2 - TemplateLoader.findTemplateSource("spark/partials/log_en_IN.ftl"): Not found
05 Jan 2023 10:49:09,059 TestNG-tests-2 - TemplateLoader.findTemplateSource("spark/partials/log_en.ftl"): Not found
05 Jan 2023 10:49:09,059 TestNG-tests-2 - TemplateLoader.findTemplateSource("spark/partials/log.ftl"): Found
05 Jan 2023 10:49:09,059 TestNG-tests-2 - "spark/partials/log.ftl"("en_IN", UTF-8, parsed): using cached since jar:file:/C:/Users/Praveenkumar/.m2/repository/com/aventstack/extentreports/5.0.8/extentreports-5.0.8.jar!/com/aventstack/extentreports/templates/spark/partials/log.ftl hasn't changed.
05 Jan 2023 10:49:09,059 TestNG-tests-2 - TemplateLoader.findTemplateSource("spark/partials/dashboard_en_IN.ftl"): Not found
05 Jan 2023 10:49:09,059 TestNG-tests-2 - TemplateLoader.findTemplateSource("spark/partials/dashboard_en.ftl"): Not found
05 Jan 2023 10:49:09,059 TestNG-tests-2 - TemplateLoader.findTemplateSource("spark/partials/dashboard.ftl"): Found
05 Jan 2023 10:49:09,059 TestNG-tests-2 - "spark/partials/dashboard.ftl"("en_IN", UTF-8, parsed): using cached since jar:file:/C:/Users/Praveenkumar/.m2/repository/com/aventstack/extentreports/5.0.8/extentreports-5.0.8.jar!/com/aventstack/extentreports/templates/spark/partials/dashboard.ftl hasn't changed.
05 Jan 2023 10:49:09,073 TestNG-tests-2 - TemplateLoader.findTemplateSource("spark/partials/scripts_en_IN.ftl"): Not found
05 Jan 2023 10:49:09,073 TestNG-tests-2 - TemplateLoader.findTemplateSource("spark/partials/scripts_en.ftl"): Not found
05 Jan 2023 10:49:09,075 TestNG-tests-2 - TemplateLoader.findTemplateSource("spark/partials/scripts.ftl"): Found
05 Jan 2023 10:49:09,075 TestNG-tests-2 - "spark/partials/scripts.ftl"("en_IN", UTF-8, parsed): using cached since jar:file:/C:/Users/Praveenkumar/.m2/repository/com/aventstack/extentreports/5.0.8/extentreports-5.0.8.jar!/com/aventstack/extentreports/templates/spark/partials/scripts.ftl hasn't changed.
05 Jan 2023 10:49:09,076 TestNG-tests-2 - TemplateLoader.findTemplateSource("commons/commons-inject-js_en_IN.ftl"): Not found
05 Jan 2023 10:49:09,077 TestNG-tests-2 - TemplateLoader.findTemplateSource("commons/commons-inject-js_en.ftl"): Not found
05 Jan 2023 10:49:09,077 TestNG-tests-2 - TemplateLoader.findTemplateSource("commons/commons-inject-js.ftl"): Found
05 Jan 2023 10:49:09,077 TestNG-tests-2 - "commons/commons-inject-js.ftl"("en_IN", UTF-8, parsed): using cached since jar:file:/C:/Users/Praveenkumar/.m2/repository/com/aventstack/extentreports/5.0.8/extentreports-5.0.8.jar!/com/aventstack/extentreports/templates/commons/commons-inject-js.ftl hasn't changed.
